Thu May 15 04:43:54 2025 - Infusion Pump B - CPU = 95%
Thu May 15 04:44:06 2025 - Infusion Pump B - CPU = 95%
Thu May 15 04:44:18 2025 - Infusion Pump B - CPU = 95%
Thu May 15 04:44:30 2025 - Infusion Pump B - CPU = 95%
Thu May 15 04:44:42 2025 - Infusion Pump B - CPU = 95%
Thu May 15 04:44:50 2025 - Heart Monitor A - CPU = 95%
Thu May 15 04:44:50 2025 - Infusion Pump B - CPU = 95%
Thu May 15 04:45:00 2025 - Heart Monitor A - CPU = 95%
Thu May 15 04:45:00 2025 - Infusion Pump B - CPU = 95%
Thu May 15 04:45:10 2025 - Heart Monitor A - CPU = 95%
Thu May 15 04:45:10 2025 - Infusion Pump B - CPU = 95%
Thu May 15 04:45:20 2025 - Heart Monitor A - CPU = 95%
Thu May 15 04:45:20 2025 - Infusion Pump B - CPU = 95%
Thu May 15 04:45:30 2025 - Heart Monitor A - CPU = 95%
Thu May 15 04:45:30 2025 - Infusion Pump B - CPU = 95%
Thu May 15 04:45:40 2025 - Heart Monitor A - CPU = 95%
Thu May 15 04:45:40 2025 - Infusion Pump B - CPU = 95%
Thu May 15 04:45:50 2025 - Heart Monitor A - CPU = 95%
Thu May 15 04:45:50 2025 - Infusion Pump B - CPU = 95%
Thu May 15 04:46:00 2025 - Heart Monitor A - CPU = 95%
Thu May 15 04:46:00 2025 - Infusion Pump B - CPU = 95%
Thu May 15 04:46:10 2025 - Heart Monitor A - CPU = 95%
Thu May 15 04:46:10 2025 - Infusion Pump B - CPU = 95%
Thu May 15 04:46:20 2025 - Heart Monitor A - CPU = 95%
Thu May 15 04:46:20 2025 - Infusion Pump B - CPU = 95%
Thu May 15 04:46:30 2025 - Heart Monitor A - CPU = 95%
Thu May 15 04:46:30 2025 - Infusion Pump B - CPU = 95%
Thu May 15 04:46:40 2025 - Heart Monitor A - CPU = 95%
Thu May 15 04:46:40 2025 - Infusion Pump B - CPU = 95%
Thu May 15 04:46:50 2025 - Heart Monitor A - CPU = 95%
Thu May 15 04:46:50 2025 - Infusion Pump B - CPU = 95%
Thu May 15 04:47:00 2025 - Heart Monitor A - CPU = 95%
Thu May 15 04:47:00 2025 - Infusion Pump B - CPU = 95%
Thu May 15 04:47:10 2025 - Heart Monitor A - CPU = 95%
Thu May 15 04:47:10 2025 - Infusion Pump B - CPU = 95%
Thu May 15 04:47:20 2025 - Heart Monitor A - CPU = 95%
Thu May 15 04:47:20 2025 - Infusion Pump B - CPU = 95%
Thu May 15 04:47:30 2025 - Heart Monitor A - CPU = 95%
Thu May 15 04:47:30 2025 - Infusion Pump B - CPU = 95%
Thu May 15 04:47:40 2025 - Heart Monitor A - CPU = 95%
Thu May 15 04:47:40 2025 - Infusion Pump B - CPU = 95%
Thu May 15 04:47:50 2025 - Heart Monitor A - CPU = 95%
Thu May 15 04:47:50 2025 - Infusion Pump B - CPU = 95%
Thu May 15 04:48:00 2025 - Heart Monitor A - CPU = 95%
Thu May 15 04:48:00 2025 - Infusion Pump B - CPU = 95%
Thu May 15 04:48:10 2025 - Heart Monitor A - CPU = 95%
Thu May 15 04:48:10 2025 - Infusion Pump B - CPU = 95%
Thu May 15 04:48:20 2025 - Heart Monitor A - CPU = 95%
Thu May 15 04:48:20 2025 - Infusion Pump B - CPU = 95%
Thu May 15 04:48:30 2025 - Heart Monitor A - CPU = 95%
Thu May 15 04:48:30 2025 - Infusion Pump B - CPU = 95%
Thu May 15 04:48:40 2025 - Heart Monitor A - CPU = 95%
Thu May 15 04:48:40 2025 - Infusion Pump B - CPU = 95%
Thu May 15 04:48:50 2025 - Heart Monitor A - CPU = 95%
Thu May 15 04:48:50 2025 - Infusion Pump B - CPU = 95%
Thu May 15 04:49:00 2025 - Heart Monitor A - CPU = 95%
Thu May 15 04:49:00 2025 - Infusion Pump B - CPU = 95%
Thu May 15 04:49:10 2025 - Heart Monitor A - CPU = 95%
Thu May 15 04:49:10 2025 - Infusion Pump B - CPU = 95%
Thu May 15 04:49:20 2025 - Heart Monitor A - CPU = 95%
Thu May 15 04:49:20 2025 - Infusion Pump B - CPU = 95%
Thu May 15 04:49:30 2025 - Heart Monitor A - CPU = 95%
Thu May 15 04:49:30 2025 - Infusion Pump B - CPU = 95%
Thu May 15 04:49:40 2025 - Heart Monitor A - CPU = 95%
Thu May 15 04:49:40 2025 - Infusion Pump B - CPU = 95%
Thu May 15 04:49:50 2025 - Heart Monitor A - CPU = 95%
Thu May 15 04:49:50 2025 - Infusion Pump B - CPU = 95%
Thu May 15 04:50:00 2025 - Heart Monitor A - CPU = 95%
Thu May 15 04:50:00 2025 - Infusion Pump B - CPU = 95%
Thu May 15 04:50:10 2025 - Heart Monitor A - CPU = 95%
Thu May 15 04:50:10 2025 - Infusion Pump B - CPU = 95%
Thu May 15 04:50:20 2025 - Heart Monitor A - CPU = 95%
Thu May 15 04:50:20 2025 - Infusion Pump B - CPU = 95%
Thu May 15 04:50:30 2025 - Heart Monitor A - CPU = 95%
Thu May 15 04:50:30 2025 - Infusion Pump B - CPU = 95%
Thu May 15 04:50:40 2025 - Heart Monitor A - CPU = 95%
Thu May 15 04:50:40 2025 - Infusion Pump B - CPU = 95%
Thu May 15 04:53:10 2025 - Room 1 - Blood Pressure Monitor E - CPU = 98%
Thu May 15 04:53:10 2025 - Room 1 - Blood Pressure Monitor E - RAM = 95%
Thu May 15 04:53:20 2025 - Room 1 - Heart Rate Sensor D - CPU = 93%
Thu May 15 04:53:30 2025 - Room 1 - Infusion Pump A - RAM = 87%
Thu May 15 04:53:40 2025 - Room 1 - Ventilator C - RAM = 95%
Thu May 15 04:53:40 2025 - Room 1 - Blood Pressure Monitor E - CPU = 89%
Thu May 15 04:53:50 2025 - Room 1 - Infusion Pump A - RAM = 94%
Thu May 15 04:53:50 2025 - Room 1 - ECG Monitor B - CPU = 99%
Thu May 15 04:54:00 2025 - Room 1 - Heart Rate Sensor D - RAM = 91%
Thu May 15 04:54:10 2025 - Room 1 - Ventilator C - CPU = 81%
Thu May 15 04:54:10 2025 - Room 1 - Heart Rate Sensor D - RAM = 98%
Thu May 15 04:54:10 2025 - Room 1 - Blood Pressure Monitor E - CPU = 90%
Thu May 15 04:54:10 2025 - Room 1 - Blood Pressure Monitor E - RAM = 92%
Thu May 15 04:54:20 2025 - Room 1 - Infusion Pump A - CPU = 89%
Thu May 15 04:54:30 2025 - Room 1 - Infusion Pump A - RAM = 92%
Thu May 15 04:54:40 2025 - Room 1 - Infusion Pump A - RAM = 84%
Thu May 15 04:54:40 2025 - Room 1 - Ventilator C - RAM = 94%
Thu May 15 04:54:50 2025 - Room 1 - Heart Rate Sensor D - RAM = 91%
Thu May 15 04:55:00 2025 - Room 1 - Infusion Pump A - RAM = 97%
Thu May 15 04:55:10 2025 - Room 1 - Heart Rate Sensor D - RAM = 92%
Thu May 15 04:55:20 2025 - Room 1 - Ventilator C - CPU = 95%
Thu May 15 04:55:20 2025 - Room 1 - Ventilator C - RAM = 97%
Thu May 15 04:55:20 2025 - Room 1 - Blood Pressure Monitor E - CPU = 93%
Thu May 15 04:55:20 2025 - Room 1 - Blood Pressure Monitor E - RAM = 92%
Thu May 15 04:55:30 2025 - Room 1 - Ventilator C - CPU = 95%
Thu May 15 04:55:30 2025 - Room 1 - Heart Rate Sensor D - CPU = 95%
Thu May 15 04:55:30 2025 - Room 1 - Blood Pressure Monitor E - RAM = 99%
Thu May 15 04:55:40 2025 - Room 1 - Blood Pressure Monitor E - CPU = 97%
Thu May 15 04:55:50 2025 - Room 1 - Infusion Pump A - CPU = 98%
Thu May 15 04:55:50 2025 - Room 1 - Ventilator C - RAM = 93%
Thu May 15 04:55:50 2025 - Room 1 - Blood Pressure Monitor E - RAM = 97%
Thu May 15 04:56:01 2025 - Room 1 - ECG Monitor B - RAM = 90%
Thu May 15 04:56:01 2025 - Room 1 - Ventilator C - CPU = 86%
Thu May 15 04:56:01 2025 - Room 1 - Ventilator C - RAM = 75%
Thu May 15 04:56:01 2025 - Room 1 - Heart Rate Sensor D - RAM = 99%
Thu May 15 04:56:01 2025 - Room 1 - Blood Pressure Monitor E - RAM = 83%
Thu May 15 04:56:11 2025 - Room 1 - ECG Monitor B - RAM = 77%
Thu May 15 04:56:21 2025 - Room 1 - ECG Monitor B - CPU = 95%
Thu May 15 04:56:21 2025 - Room 1 - ECG Monitor B - RAM = 94%
Thu May 15 04:56:21 2025 - Room 1 - Heart Rate Sensor D - CPU = 88%
Thu May 15 04:56:21 2025 - Room 1 - Blood Pressure Monitor E - RAM = 98%
Thu May 15 04:56:31 2025 - Room 1 - Blood Pressure Monitor E - RAM = 78%
Thu May 15 04:56:41 2025 - Room 1 - Ventilator C - RAM = 83%
Thu May 15 04:56:41 2025 - Room 1 - Heart Rate Sensor D - RAM = 100%
Thu May 15 04:56:41 2025 - Room 1 - Blood Pressure Monitor E - RAM = 84%
Thu May 15 04:56:51 2025 - Room 1 - Blood Pressure Monitor E - RAM = 92%
Thu May 15 04:57:01 2025 - Room 1 - Ventilator C - RAM = 85%
Thu May 15 04:57:01 2025 - Room 1 - Heart Rate Sensor D - RAM = 93%
Thu May 15 04:57:01 2025 - Room 1 - Blood Pressure Monitor E - RAM = 84%
Thu May 15 04:57:11 2025 - Room 1 - Infusion Pump A - CPU = 98%
Thu May 15 04:57:11 2025 - Room 1 - Infusion Pump A - RAM = 84%
Thu May 15 04:57:11 2025 - Room 1 - ECG Monitor B - CPU = 87%
Thu May 15 04:57:11 2025 - Room 1 - Ventilator C - CPU = 87%
Thu May 15 04:57:11 2025 - Room 1 - Ventilator C - RAM = 73%
Thu May 15 04:57:21 2025 - Room 1 - Blood Pressure Monitor E - CPU = 97%
Thu May 15 04:57:31 2025 - Room 1 - Infusion Pump A - RAM = 85%
Thu May 15 04:57:31 2025 - Room 1 - Ventilator C - RAM = 83%
Thu May 15 04:57:31 2025 - Room 1 - Heart Rate Sensor D - CPU = 91%
Thu May 15 04:57:31 2025 - Room 1 - Heart Rate Sensor D - RAM = 88%
Thu May 15 04:57:31 2025 - Room 1 - Blood Pressure Monitor E - CPU = 88%
Thu May 15 04:57:31 2025 - Room 1 - Blood Pressure Monitor E - RAM = 89%
Thu May 15 04:57:41 2025 - Room 1 - ECG Monitor B - RAM = 90%
Thu May 15 04:57:41 2025 - Room 1 - Ventilator C - CPU = 82%
Thu May 15 04:57:41 2025 - Room 1 - Ventilator C - RAM = 92%
Thu May 15 04:57:41 2025 - Room 1 - Heart Rate Sensor D - CPU = 98%
Thu May 15 04:57:51 2025 - Room 1 - Infusion Pump A - RAM = 86%
Thu May 15 04:57:51 2025 - Room 1 - ECG Monitor B - CPU = 82%
Thu May 15 04:58:01 2025 - Room 1 - Infusion Pump A - RAM = 86%
Thu May 15 04:58:01 2025 - Room 1 - Heart Rate Sensor D - CPU = 97%
Thu May 15 04:58:01 2025 - Room 1 - Blood Pressure Monitor E - RAM = 81%
Thu May 15 04:58:11 2025 - Room 1 - ECG Monitor B - RAM = 92%
Thu May 15 04:58:11 2025 - Room 1 - Ventilator C - RAM = 96%
Thu May 15 04:58:11 2025 - Room 1 - Blood Pressure Monitor E - RAM = 86%
2025-05-15 04:58:53 - ALERT - Room 1 - Infusion Pump A - RAM usage is 87%
2025-05-15 04:59:13 - ALERT - Room 1 - Infusion Pump A - CPU usage is 83%
2025-05-15 04:59:13 - ALERT - Room 1 - Infusion Pump A - RAM usage is 93%
2025-05-15 04:59:23 - ALERT - Room 1 - Infusion Pump A - RAM usage is 91%
2025-05-15 05:07:10 - ALERT - Room 1 - Infusion Pump A - RAM usage is 99%
2025-05-15 05:07:10 - ALERT - Room 1 - ECG Monitor B - RAM usage is 97%
2025-05-15 05:07:10 - ALERT - Room 1 - Ventilator C - CPU usage is 97%
2025-05-15 05:07:10 - ALERT - Room 1 - Heart Rate Sensor D - RAM usage is 92%
2025-05-15 05:07:12 - ALERT - Room 1 - ECG Monitor B - CPU usage is 88%
2025-05-15 05:07:12 - ALERT - Room 1 - Ventilator C - CPU usage is 96%
2025-05-15 05:07:12 - ALERT - Room 1 - Heart Rate Sensor D - CPU usage is 84%
2025-05-15 05:07:12 - ALERT - Room 1 - Heart Rate Sensor D - RAM usage is 91%
2025-05-15 05:07:14 - ALERT - Room 1 - Infusion Pump A - CPU usage is 87%
2025-05-15 05:07:14 - ALERT - Room 1 - ECG Monitor B - RAM usage is 90%
2025-05-15 05:07:14 - ALERT - Room 1 - Heart Rate Sensor D - CPU usage is 93%
2025-05-15 05:07:14 - ALERT - Room 1 - Heart Rate Sensor D - RAM usage is 99%
2025-05-15 05:07:16 - ALERT - Room 1 - ECG Monitor B - CPU usage is 80%
2025-05-15 05:07:16 - ALERT - Room 1 - Heart Rate Sensor D - CPU usage is 85%
2025-05-15 05:07:16 - ALERT - Room 1 - Heart Rate Sensor D - RAM usage is 88%
2025-05-15 05:07:18 - ALERT - Room 1 - Infusion Pump A - RAM usage is 99%
2025-05-15 05:07:18 - ALERT - Room 1 - ECG Monitor B - RAM usage is 88%
2025-05-15 05:07:18 - ALERT - Room 1 - Ventilator C - CPU usage is 82%
2025-05-15 05:07:18 - ALERT - Room 1 - Ventilator C - RAM usage is 100%
2025-05-15 05:07:18 - ALERT - Room 1 - Heart Rate Sensor D - CPU usage is 82%
2025-05-15 05:07:20 - ALERT - Room 1 - Infusion Pump A - RAM usage is 89%
2025-05-15 05:07:22 - ALERT - Room 1 - Ventilator C - CPU usage is 90%
2025-05-15 05:07:22 - ALERT - Room 1 - Heart Rate Sensor D - CPU usage is 90%
2025-05-15 05:07:24 - ALERT - Room 1 - ECG Monitor B - CPU usage is 84%
2025-05-15 05:07:24 - ALERT - Room 1 - Ventilator C - CPU usage is 87%
2025-05-15 05:07:24 - ALERT - Room 1 - Ventilator C - RAM usage is 94%
2025-05-15 05:07:24 - ALERT - Room 1 - Heart Rate Sensor D - RAM usage is 94%
2025-05-15 05:07:26 - ALERT - Room 1 - ECG Monitor B - CPU usage is 83%
2025-05-15 05:07:26 - ALERT - Room 1 - ECG Monitor B - RAM usage is 87%
2025-05-15 05:07:28 - ALERT - Room 1 - Infusion Pump A - RAM usage is 92%
2025-05-15 05:07:28 - ALERT - Room 1 - ECG Monitor B - CPU usage is 87%
2025-05-15 05:07:28 - ALERT - Room 1 - ECG Monitor B - RAM usage is 81%
2025-05-15 05:07:28 - ALERT - Room 1 - Ventilator C - CPU usage is 85%
2025-05-15 05:07:30 - ALERT - Room 1 - ECG Monitor B - CPU usage is 91%
2025-05-15 05:07:30 - ALERT - Room 1 - Ventilator C - CPU usage is 92%
2025-05-15 05:07:32 - ALERT - Room 1 - Ventilator C - CPU usage is 100%
2025-05-15 05:07:34 - ALERT - Room 1 - Infusion Pump A - CPU usage is 99%
2025-05-15 05:07:34 - ALERT - Room 1 - Infusion Pump A - RAM usage is 100%
2025-05-15 05:07:34 - ALERT - Room 1 - Ventilator C - CPU usage is 84%
2025-05-15 05:07:34 - ALERT - Room 1 - Heart Rate Sensor D - RAM usage is 83%
2025-05-15 05:07:36 - ALERT - Room 1 - Infusion Pump A - CPU usage is 90%
2025-05-15 05:07:36 - ALERT - Room 1 - Ventilator C - CPU usage is 100%
2025-05-15 05:07:36 - ALERT - Room 1 - Heart Rate Sensor D - CPU usage is 87%
2025-05-15 05:07:38 - ALERT - Room 1 - ECG Monitor B - CPU usage is 97%
2025-05-15 05:07:38 - ALERT - Room 1 - ECG Monitor B - RAM usage is 97%
2025-05-15 05:07:38 - ALERT - Room 1 - Ventilator C - RAM usage is 80%
2025-05-15 05:07:38 - ALERT - Room 1 - Heart Rate Sensor D - RAM usage is 94%
2025-05-15 05:07:40 - ALERT - Room 1 - Ventilator C - CPU usage is 98%
2025-05-15 05:07:42 - ALERT - Room 1 - ECG Monitor B - CPU usage is 86%
2025-05-15 05:07:46 - ALERT - Room 1 - Infusion Pump A - CPU usage is 92%
2025-05-15 05:07:46 - ALERT - Room 1 - Infusion Pump A - RAM usage is 100%
2025-05-15 05:07:46 - ALERT - Room 1 - ECG Monitor B - CPU usage is 85%
2025-05-15 05:07:46 - ALERT - Room 1 - Ventilator C - CPU usage is 83%
2025-05-15 05:07:46 - ALERT - Room 1 - Ventilator C - RAM usage is 93%
2025-05-15 05:07:48 - ALERT - Room 1 - Infusion Pump A - CPU usage is 90%
2025-05-15 05:07:48 - ALERT - Room 1 - Ventilator C - CPU usage is 99%
2025-05-15 05:07:48 - ALERT - Room 1 - Heart Rate Sensor D - RAM usage is 100%
2025-05-15 05:07:50 - ALERT - Room 1 - Infusion Pump A - RAM usage is 87%
2025-05-15 05:07:52 - ALERT - Room 1 - Heart Rate Sensor D - CPU usage is 91%
2025-05-15 05:07:54 - ALERT - Room 1 - Infusion Pump A - RAM usage is 86%
2025-05-15 05:07:54 - ALERT - Room 1 - ECG Monitor B - RAM usage is 82%
2025-05-15 05:07:56 - ALERT - Room 1 - Infusion Pump A - CPU usage is 93%
2025-05-15 05:07:56 - ALERT - Room 1 - Heart Rate Sensor D - RAM usage is 90%
2025-05-15 05:07:58 - ALERT - Room 1 - Heart Rate Sensor D - RAM usage is 86%
2025-05-15 05:08:00 - ALERT - Room 1 - Infusion Pump A - RAM usage is 82%
2025-05-15 05:08:02 - ALERT - Room 1 - ECG Monitor B - CPU usage is 91%
2025-05-15 05:08:02 - ALERT - Room 1 - Heart Rate Sensor D - CPU usage is 88%
2025-05-15 05:08:02 - ALERT - Room 1 - Heart Rate Sensor D - RAM usage is 90%
2025-05-15 05:08:04 - ALERT - Room 1 - Infusion Pump A - CPU usage is 91%
2025-05-15 05:08:04 - ALERT - Room 1 - ECG Monitor B - RAM usage is 96%
2025-05-15 05:08:08 - ALERT - Room 1 - Infusion Pump A - CPU usage is 98%
2025-05-15 05:08:08 - ALERT - Room 1 - Ventilator C - RAM usage is 91%
2025-05-15 05:08:10 - ALERT - Room 1 - Ventilator C - RAM usage is 83%
2025-05-15 05:08:12 - ALERT - Room 1 - Ventilator C - CPU usage is 84%
2025-05-15 05:08:12 - ALERT - Room 1 - Heart Rate Sensor D - CPU usage is 95%
2025-05-15 05:08:14 - ALERT - Room 1 - ECG Monitor B - RAM usage is 84%
2025-05-15 05:08:14 - ALERT - Room 1 - Heart Rate Sensor D - CPU usage is 86%
2025-05-15 05:08:16 - ALERT - Room 1 - Infusion Pump A - CPU usage is 95%
2025-05-15 05:08:16 - ALERT - Room 1 - ECG Monitor B - CPU usage is 80%
2025-05-15 05:08:16 - ALERT - Room 1 - ECG Monitor B - RAM usage is 94%
2025-05-15 05:08:18 - ALERT - Room 1 - Ventilator C - RAM usage is 87%
2025-05-15 05:08:22 - ALERT - Room 1 - Infusion Pump A - RAM usage is 81%
2025-05-15 05:08:22 - ALERT - Room 1 - Ventilator C - CPU usage is 95%
2025-05-15 05:08:22 - ALERT - Room 1 - Ventilator C - RAM usage is 92%
2025-05-15 05:08:22 - ALERT - Room 1 - Heart Rate Sensor D - CPU usage is 96%
2025-05-15 05:08:24 - ALERT - Room 1 - ECG Monitor B - CPU usage is 83%
2025-05-15 05:08:24 - ALERT - Room 1 - Ventilator C - CPU usage is 98%
2025-05-15 05:08:24 - ALERT - Room 1 - Ventilator C - RAM usage is 88%
2025-05-15 05:08:26 - ALERT - Room 1 - Infusion Pump A - RAM usage is 89%
2025-05-15 05:08:26 - ALERT - Room 1 - Ventilator C - RAM usage is 99%
2025-05-15 05:08:26 - ALERT - Room 1 - Heart Rate Sensor D - RAM usage is 99%
2025-05-15 05:08:28 - ALERT - Room 1 - ECG Monitor B - CPU usage is 97%
2025-05-15 05:08:28 - ALERT - Room 1 - ECG Monitor B - RAM usage is 97%
2025-05-15 05:08:30 - ALERT - Room 1 - ECG Monitor B - CPU usage is 84%
2025-05-15 05:08:30 - ALERT - Room 1 - ECG Monitor B - RAM usage is 85%
2025-05-15 05:08:30 - ALERT - Room 1 - Heart Rate Sensor D - RAM usage is 90%
2025-05-15 05:08:32 - ALERT - Room 1 - Infusion Pump A - RAM usage is 98%
2025-05-15 05:08:32 - ALERT - Room 1 - ECG Monitor B - CPU usage is 95%
2025-05-15 05:08:32 - ALERT - Room 1 - ECG Monitor B - RAM usage is 99%
2025-05-15 05:08:32 - ALERT - Room 1 - Heart Rate Sensor D - CPU usage is 93%
2025-05-15 05:08:34 - ALERT - Room 1 - Infusion Pump A - RAM usage is 94%
2025-05-15 05:08:34 - ALERT - Room 1 - ECG Monitor B - RAM usage is 88%
2025-05-15 05:08:36 - ALERT - Room 1 - ECG Monitor B - CPU usage is 82%
2025-05-15 05:08:38 - ALERT - Room 1 - Ventilator C - RAM usage is 93%
2025-05-15 05:08:40 - ALERT - Room 1 - Infusion Pump A - CPU usage is 88%
2025-05-15 05:08:40 - ALERT - Room 1 - ECG Monitor B - CPU usage is 92%
2025-05-15 05:08:40 - ALERT - Room 1 - ECG Monitor B - RAM usage is 91%
2025-05-15 05:08:40 - ALERT - Room 1 - Heart Rate Sensor D - CPU usage is 97%
2025-05-15 05:08:42 - ALERT - Room 1 - Infusion Pump A - RAM usage is 93%
2025-05-15 05:08:42 - ALERT - Room 1 - ECG Monitor B - CPU usage is 83%
2025-05-15 05:08:42 - ALERT - Room 1 - Ventilator C - CPU usage is 81%
2025-05-15 05:08:42 - ALERT - Room 1 - Ventilator C - RAM usage is 81%
2025-05-15 05:08:42 - ALERT - Room 1 - Heart Rate Sensor D - CPU usage is 97%
2025-05-15 05:08:44 - ALERT - Room 1 - Infusion Pump A - RAM usage is 90%
2025-05-15 05:08:44 - ALERT - Room 1 - ECG Monitor B - CPU usage is 100%
2025-05-15 05:08:44 - ALERT - Room 1 - Ventilator C - CPU usage is 96%
2025-05-15 05:08:46 - ALERT - Room 1 - Infusion Pump A - RAM usage is 90%
2025-05-15 05:08:46 - ALERT - Room 1 - Heart Rate Sensor D - CPU usage is 92%
2025-05-15 05:08:48 - ALERT - Room 1 - ECG Monitor B - CPU usage is 85%
2025-05-15 05:08:50 - ALERT - Room 1 - Ventilator C - CPU usage is 96%
2025-05-15 05:08:52 - ALERT - Room 1 - Infusion Pump A - CPU usage is 80%
2025-05-15 05:08:52 - ALERT - Room 1 - Infusion Pump A - RAM usage is 97%
2025-05-15 05:08:52 - ALERT - Room 1 - Ventilator C - RAM usage is 99%
2025-05-15 05:08:54 - ALERT - Room 1 - Infusion Pump A - RAM usage is 82%
2025-05-15 05:08:54 - ALERT - Room 1 - Ventilator C - RAM usage is 96%
2025-05-15 05:08:56 - ALERT - Room 1 - Infusion Pump A - CPU usage is 95%
2025-05-15 05:08:56 - ALERT - Room 1 - Infusion Pump A - RAM usage is 92%
2025-05-15 05:08:56 - ALERT - Room 1 - Ventilator C - RAM usage is 89%
2025-05-15 05:08:58 - ALERT - Room 1 - Infusion Pump A - RAM usage is 80%
2025-05-15 05:08:58 - ALERT - Room 1 - Ventilator C - CPU usage is 91%
2025-05-15 05:08:58 - ALERT - Room 1 - Heart Rate Sensor D - RAM usage is 87%
2025-05-15 05:09:00 - ALERT - Room 1 - Heart Rate Sensor D - CPU usage is 99%
2025-05-15 05:09:02 - ALERT - Room 1 - Infusion Pump A - CPU usage is 95%
2025-05-15 05:09:02 - ALERT - Room 1 - Infusion Pump A - RAM usage is 81%
2025-05-15 05:09:02 - ALERT - Room 1 - ECG Monitor B - RAM usage is 98%
2025-05-15 05:09:04 - ALERT - Room 1 - Infusion Pump A - CPU usage is 92%
2025-05-15 05:09:04 - ALERT - Room 1 - Infusion Pump A - RAM usage is 80%
2025-05-15 05:09:04 - ALERT - Room 1 - ECG Monitor B - CPU usage is 82%
2025-05-15 05:09:04 - ALERT - Room 1 - Ventilator C - CPU usage is 82%
2025-05-15 05:09:04 - ALERT - Room 1 - Heart Rate Sensor D - RAM usage is 87%
2025-05-15 05:09:06 - ALERT - Room 1 - ECG Monitor B - RAM usage is 88%
2025-05-15 05:09:06 - ALERT - Room 1 - Ventilator C - CPU usage is 82%
2025-05-15 05:09:06 - ALERT - Room 1 - Heart Rate Sensor D - RAM usage is 86%
2025-05-15 05:09:08 - ALERT - Room 1 - ECG Monitor B - CPU usage is 81%
2025-05-15 05:09:08 - ALERT - Room 1 - Heart Rate Sensor D - CPU usage is 82%
2025-05-15 05:09:10 - ALERT - Room 1 - Infusion Pump A - CPU usage is 81%
2025-05-15 05:09:10 - ALERT - Room 1 - ECG Monitor B - CPU usage is 90%
2025-05-15 05:09:10 - ALERT - Room 1 - Ventilator C - RAM usage is 86%
2025-05-15 05:09:12 - ALERT - Room 1 - Ventilator C - CPU usage is 83%
2025-05-15 05:09:14 - ALERT - Room 1 - Infusion Pump A - RAM usage is 82%
2025-05-15 05:09:14 - ALERT - Room 1 - ECG Monitor B - CPU usage is 100%
2025-05-15 05:09:14 - ALERT - Room 1 - Ventilator C - RAM usage is 82%
2025-05-15 05:09:14 - ALERT - Room 1 - Heart Rate Sensor D - CPU usage is 87%
2025-05-15 05:09:16 - ALERT - Room 1 - Infusion Pump A - CPU usage is 82%
2025-05-15 05:09:16 - ALERT - Room 1 - Infusion Pump A - RAM usage is 82%
2025-05-15 05:09:16 - ALERT - Room 1 - Ventilator C - CPU usage is 86%
2025-05-15 05:09:16 - ALERT - Room 1 - Heart Rate Sensor D - CPU usage is 97%
2025-05-15 05:09:18 - ALERT - Room 1 - Heart Rate Sensor D - CPU usage is 100%
2025-05-15 05:09:20 - ALERT - Room 1 - Ventilator C - RAM usage is 96%
2025-05-15 05:09:22 - ALERT - Room 1 - Ventilator C - CPU usage is 85%
2025-05-15 05:09:22 - ALERT - Room 1 - Ventilator C - RAM usage is 94%
2025-05-15 05:09:24 - ALERT - Room 1 - Infusion Pump A - CPU usage is 87%
2025-05-15 05:09:24 - ALERT - Room 1 - Infusion Pump A - RAM usage is 93%
2025-05-15 05:09:26 - ALERT - Room 1 - Infusion Pump A - CPU usage is 90%
2025-05-15 05:09:26 - ALERT - Room 1 - Ventilator C - RAM usage is 97%
2025-05-15 05:09:26 - ALERT - Room 1 - Heart Rate Sensor D - RAM usage is 89%
2025-05-15 05:09:28 - ALERT - Room 1 - Infusion Pump A - CPU usage is 100%
2025-05-15 05:09:28 - ALERT - Room 1 - ECG Monitor B - RAM usage is 82%
2025-05-15 05:09:28 - ALERT - Room 1 - Ventilator C - CPU usage is 81%
2025-05-15 05:09:30 - ALERT - Room 1 - ECG Monitor B - CPU usage is 88%
2025-05-15 05:09:32 - ALERT - Room 1 - ECG Monitor B - CPU usage is 94%
2025-05-15 05:09:32 - ALERT - Room 1 - Heart Rate Sensor D - RAM usage is 85%
2025-05-15 05:09:34 - ALERT - Room 1 - Infusion Pump A - CPU usage is 84%
2025-05-15 05:09:36 - ALERT - Room 1 - Infusion Pump A - CPU usage is 94%
2025-05-15 05:09:38 - ALERT - Room 1 - Infusion Pump A - RAM usage is 100%
2025-05-15 05:09:38 - ALERT - Room 1 - Ventilator C - RAM usage is 88%
2025-05-15 05:09:43 - ALERT - Room 1 - Ventilator C - CPU usage is 90%
2025-05-15 05:09:43 - ALERT - Room 1 - Heart Rate Sensor D - RAM usage is 90%
2025-05-15 05:09:45 - ALERT - Room 1 - Infusion Pump A - RAM usage is 94%
2025-05-15 05:09:45 - ALERT - Room 1 - Ventilator C - RAM usage is 91%
2025-05-15 05:09:47 - ALERT - Room 1 - ECG Monitor B - RAM usage is 92%
2025-05-15 05:09:47 - ALERT - Room 1 - Ventilator C - RAM usage is 93%
2025-05-15 05:09:47 - ALERT - Room 1 - Heart Rate Sensor D - CPU usage is 83%
2025-05-15 05:09:49 - ALERT - Room 1 - Ventilator C - CPU usage is 90%
2025-05-15 05:09:51 - ALERT - Room 1 - Ventilator C - RAM usage is 91%
2025-05-15 05:09:51 - ALERT - Room 1 - Heart Rate Sensor D - CPU usage is 95%
2025-05-15 05:09:51 - ALERT - Room 1 - Heart Rate Sensor D - RAM usage is 83%
2025-05-15 05:09:55 - ALERT - Room 1 - Infusion Pump A - CPU usage is 82%
2025-05-15 05:09:55 - ALERT - Room 1 - Infusion Pump A - RAM usage is 96%
2025-05-15 05:09:55 - ALERT - Room 1 - ECG Monitor B - RAM usage is 85%
2025-05-15 05:09:55 - ALERT - Room 1 - Heart Rate Sensor D - CPU usage is 83%
2025-05-15 05:09:57 - ALERT - Room 1 - Ventilator C - RAM usage is 100%
2025-05-15 05:09:57 - ALERT - Room 1 - Heart Rate Sensor D - RAM usage is 90%
2025-05-15 05:09:59 - ALERT - Room 1 - Infusion Pump A - CPU usage is 81%
2025-05-15 05:09:59 - ALERT - Room 1 - Infusion Pump A - RAM usage is 96%
2025-05-15 05:10:01 - ALERT - Room 1 - ECG Monitor B - CPU usage is 90%
2025-05-15 05:10:01 - ALERT - Room 1 - ECG Monitor B - RAM usage is 100%
2025-05-15 05:10:01 - ALERT - Room 1 - Ventilator C - CPU usage is 87%
2025-05-15 05:10:03 - ALERT - Room 1 - ECG Monitor B - RAM usage is 95%
2025-05-15 05:10:03 - ALERT - Room 1 - Ventilator C - CPU usage is 84%
2025-05-15 05:10:05 - ALERT - Room 1 - ECG Monitor B - CPU usage is 95%
2025-05-15 05:10:05 - ALERT - Room 1 - Ventilator C - CPU usage is 80%
2025-05-15 05:10:05 - ALERT - Room 1 - Heart Rate Sensor D - CPU usage is 92%
2025-05-15 05:10:07 - ALERT - Room 1 - ECG Monitor B - CPU usage is 88%
2025-05-15 05:10:07 - ALERT - Room 1 - ECG Monitor B - RAM usage is 89%
2025-05-15 05:10:07 - ALERT - Room 1 - Ventilator C - CPU usage is 99%
2025-05-15 05:10:07 - ALERT - Room 1 - Ventilator C - RAM usage is 89%
2025-05-15 05:10:09 - ALERT - Room 1 - Infusion Pump A - CPU usage is 90%
2025-05-15 05:10:09 - ALERT - Room 1 - Infusion Pump A - RAM usage is 93%
2025-05-15 05:10:09 - ALERT - Room 1 - ECG Monitor B - RAM usage is 81%
2025-05-15 05:10:09 - ALERT - Room 1 - Heart Rate Sensor D - CPU usage is 81%
2025-05-15 05:10:11 - ALERT - Room 1 - Heart Rate Sensor D - CPU usage is 88%
2025-05-15 05:10:13 - ALERT - Room 1 - ECG Monitor B - RAM usage is 92%
2025-05-15 05:10:17 - ALERT - Room 1 - Infusion Pump A - RAM usage is 98%
2025-05-15 05:10:17 - ALERT - Room 1 - Heart Rate Sensor D - RAM usage is 93%
2025-05-15 05:10:19 - ALERT - Room 1 - Ventilator C - CPU usage is 81%
2025-05-15 05:10:21 - ALERT - Room 1 - Infusion Pump A - CPU usage is 90%
2025-05-15 05:10:21 - ALERT - Room 1 - Infusion Pump A - RAM usage is 100%
2025-05-15 05:10:21 - ALERT - Room 1 - ECG Monitor B - RAM usage is 92%
2025-05-15 05:10:21 - ALERT - Room 1 - Heart Rate Sensor D - CPU usage is 83%
2025-05-15 05:10:23 - ALERT - Room 1 - Infusion Pump A - CPU usage is 89%
2025-05-15 05:10:23 - ALERT - Room 1 - Heart Rate Sensor D - RAM usage is 95%
2025-05-15 05:10:25 - ALERT - Room 1 - Infusion Pump A - CPU usage is 81%
2025-05-15 05:10:25 - ALERT - Room 1 - ECG Monitor B - CPU usage is 97%
2025-05-15 05:10:25 - ALERT - Room 1 - ECG Monitor B - RAM usage is 90%
2025-05-15 05:10:25 - ALERT - Room 1 - Ventilator C - CPU usage is 91%
2025-05-15 05:10:25 - ALERT - Room 1 - Heart Rate Sensor D - CPU usage is 94%
2025-05-15 05:10:25 - ALERT - Room 1 - Heart Rate Sensor D - RAM usage is 88%
2025-05-15 05:10:27 - ALERT - Room 1 - Infusion Pump A - RAM usage is 99%
2025-05-15 05:10:27 - ALERT - Room 1 - Ventilator C - CPU usage is 80%
2025-05-15 05:10:27 - ALERT - Room 1 - Heart Rate Sensor D - RAM usage is 84%
2025-05-15 05:10:29 - ALERT - Room 1 - Infusion Pump A - RAM usage is 100%
2025-05-15 05:10:29 - ALERT - Room 1 - Ventilator C - CPU usage is 87%
2025-05-15 05:10:29 - ALERT - Room 1 - Ventilator C - RAM usage is 93%
2025-05-15 05:10:29 - ALERT - Room 1 - Heart Rate Sensor D - CPU usage is 87%
2025-05-15 05:10:31 - ALERT - Room 1 - ECG Monitor B - RAM usage is 85%
2025-05-15 05:10:33 - ALERT - Room 1 - Infusion Pump A - RAM usage is 83%
2025-05-15 05:10:33 - ALERT - Room 1 - Ventilator C - RAM usage is 81%
2025-05-15 05:10:33 - ALERT - Room 1 - Heart Rate Sensor D - RAM usage is 98%
2025-05-15 05:10:35 - ALERT - Room 1 - Infusion Pump A - RAM usage is 98%
2025-05-15 05:10:35 - ALERT - Room 1 - ECG Monitor B - CPU usage is 88%
2025-05-15 05:10:35 - ALERT - Room 1 - ECG Monitor B - RAM usage is 88%
2025-05-15 05:10:37 - ALERT - Room 1 - Ventilator C - CPU usage is 81%
2025-05-15 05:10:37 - ALERT - Room 1 - Ventilator C - RAM usage is 86%
2025-05-15 05:10:39 - ALERT - Room 1 - Infusion Pump A - CPU usage is 87%
2025-05-15 05:10:39 - ALERT - Room 1 - Ventilator C - RAM usage is 86%
2025-05-15 05:10:39 - ALERT - Room 1 - Heart Rate Sensor D - RAM usage is 89%
2025-05-15 05:10:41 - ALERT - Room 1 - Ventilator C - CPU usage is 92%
2025-05-15 05:10:41 - ALERT - Room 1 - Heart Rate Sensor D - RAM usage is 89%
2025-05-15 05:10:43 - ALERT - Room 1 - Infusion Pump A - CPU usage is 90%
2025-05-15 05:10:43 - ALERT - Room 1 - ECG Monitor B - RAM usage is 89%
2025-05-15 05:10:43 - ALERT - Room 1 - Ventilator C - RAM usage is 82%
2025-05-15 05:10:43 - ALERT - Room 1 - Heart Rate Sensor D - CPU usage is 82%
2025-05-15 05:10:45 - ALERT - Room 1 - ECG Monitor B - RAM usage is 91%
2025-05-15 05:10:47 - ALERT - Room 1 - Ventilator C - CPU usage is 92%
2025-05-15 05:10:47 - ALERT - Room 1 - Ventilator C - RAM usage is 100%
2025-05-15 05:10:49 - ALERT - Room 1 - Infusion Pump A - CPU usage is 87%
2025-05-15 05:10:49 - ALERT - Room 1 - Ventilator C - RAM usage is 84%
2025-05-15 05:10:49 - ALERT - Room 1 - Heart Rate Sensor D - CPU usage is 99%
2025-05-15 05:10:49 - ALERT - Room 1 - Heart Rate Sensor D - RAM usage is 84%
2025-05-15 05:10:51 - ALERT - Room 1 - Ventilator C - RAM usage is 81%
2025-05-15 05:10:53 - ALERT - Room 1 - Heart Rate Sensor D - CPU usage is 82%
2025-05-15 05:10:55 - ALERT - Room 1 - Heart Rate Sensor D - RAM usage is 83%
2025-05-15 05:10:57 - ALERT - Room 1 - Infusion Pump A - RAM usage is 93%
2025-05-15 05:10:57 - ALERT - Room 1 - ECG Monitor B - RAM usage is 89%
2025-05-15 05:10:57 - ALERT - Room 1 - Ventilator C - CPU usage is 95%
2025-05-15 05:10:59 - ALERT - Room 1 - Infusion Pump A - CPU usage is 80%
2025-05-15 05:10:59 - ALERT - Room 1 - ECG Monitor B - CPU usage is 96%
2025-05-15 05:10:59 - ALERT - Room 1 - Heart Rate Sensor D - CPU usage is 90%
2025-05-15 05:11:01 - ALERT - Room 1 - Ventilator C - CPU usage is 98%
2025-05-15 05:11:01 - ALERT - Room 1 - Ventilator C - RAM usage is 85%
2025-05-15 05:11:03 - ALERT - Room 1 - Ventilator C - CPU usage is 82%
2025-05-15 05:11:03 - ALERT - Room 1 - Heart Rate Sensor D - RAM usage is 96%
2025-05-15 05:11:05 - ALERT - Room 1 - ECG Monitor B - CPU usage is 97%
2025-05-15 05:11:05 - ALERT - Room 1 - ECG Monitor B - RAM usage is 86%
2025-05-15 05:11:05 - ALERT - Room 1 - Heart Rate Sensor D - CPU usage is 83%
2025-05-15 05:11:07 - ALERT - Room 1 - Infusion Pump A - RAM usage is 85%
2025-05-15 05:11:07 - ALERT - Room 1 - ECG Monitor B - RAM usage is 97%
2025-05-15 05:11:07 - ALERT - Room 1 - Heart Rate Sensor D - CPU usage is 93%
2025-05-15 05:11:07 - ALERT - Room 1 - Heart Rate Sensor D - RAM usage is 100%
2025-05-15 05:11:09 - ALERT - Room 1 - Ventilator C - RAM usage is 94%
2025-05-15 05:11:11 - ALERT - Room 1 - Infusion Pump A - RAM usage is 90%
2025-05-15 05:11:13 - ALERT - Room 1 - ECG Monitor B - RAM usage is 97%
2025-05-15 05:11:13 - ALERT - Room 1 - Ventilator C - RAM usage is 94%
2025-05-15 05:11:13 - ALERT - Room 1 - Heart Rate Sensor D - CPU usage is 85%
2025-05-15 05:11:15 - ALERT - Room 1 - Heart Rate Sensor D - RAM usage is 91%
2025-05-15 05:11:17 - ALERT - Room 1 - ECG Monitor B - CPU usage is 86%
2025-05-15 05:11:17 - ALERT - Room 1 - Ventilator C - CPU usage is 100%
2025-05-15 05:11:17 - ALERT - Room 1 - Heart Rate Sensor D - CPU usage is 96%
2025-05-15 05:11:19 - ALERT - Room 1 - Infusion Pump A - CPU usage is 86%
2025-05-15 05:11:19 - ALERT - Room 1 - Infusion Pump A - RAM usage is 91%
2025-05-15 05:11:19 - ALERT - Room 1 - Heart Rate Sensor D - CPU usage is 93%
2025-05-15 05:11:21 - ALERT - Room 1 - Infusion Pump A - CPU usage is 94%
2025-05-15 05:11:21 - ALERT - Room 1 - Infusion Pump A - RAM usage is 94%
2025-05-15 05:11:21 - ALERT - Room 1 - Ventilator C - RAM usage is 81%
2025-05-15 05:11:21 - ALERT - Room 1 - Heart Rate Sensor D - CPU usage is 89%
2025-05-15 05:11:23 - ALERT - Room 1 - Infusion Pump A - RAM usage is 88%
2025-05-15 05:11:23 - ALERT - Room 1 - Heart Rate Sensor D - CPU usage is 95%
2025-05-15 05:11:23 - ALERT - Room 1 - Heart Rate Sensor D - RAM usage is 86%
2025-05-15 05:11:25 - ALERT - Room 1 - Infusion Pump A - CPU usage is 97%
2025-05-15 05:11:25 - ALERT - Room 1 - Ventilator C - CPU usage is 100%
2025-05-15 05:11:27 - ALERT - Room 1 - Infusion Pump A - RAM usage is 100%
2025-05-15 05:11:27 - ALERT - Room 1 - Heart Rate Sensor D - RAM usage is 96%
2025-05-15 05:11:29 - ALERT - Room 1 - Infusion Pump A - CPU usage is 91%
2025-05-15 05:11:31 - ALERT - Room 1 - ECG Monitor B - RAM usage is 95%
2025-05-15 05:11:31 - ALERT - Room 1 - Ventilator C - RAM usage is 87%
2025-05-15 05:11:31 - ALERT - Room 1 - Heart Rate Sensor D - CPU usage is 99%
2025-05-15 05:11:31 - ALERT - Room 1 - Heart Rate Sensor D - RAM usage is 82%
2025-05-15 05:11:33 - ALERT - Room 1 - ECG Monitor B - RAM usage is 87%
2025-05-15 05:11:33 - ALERT - Room 1 - Ventilator C - RAM usage is 90%
2025-05-15 05:11:33 - ALERT - Room 1 - Heart Rate Sensor D - CPU usage is 92%
2025-05-15 05:11:35 - ALERT - Room 1 - Infusion Pump A - CPU usage is 95%
2025-05-15 05:11:35 - ALERT - Room 1 - ECG Monitor B - RAM usage is 93%
2025-05-15 05:11:35 - ALERT - Room 1 - Ventilator C - CPU usage is 91%
2025-05-15 05:11:35 - ALERT - Room 1 - Heart Rate Sensor D - CPU usage is 81%
2025-05-15 05:11:37 - ALERT - Room 1 - ECG Monitor B - CPU usage is 100%
2025-05-15 05:11:37 - ALERT - Room 1 - ECG Monitor B - RAM usage is 91%
2025-05-15 05:11:37 - ALERT - Room 1 - Heart Rate Sensor D - CPU usage is 82%
2025-05-15 05:11:37 - ALERT - Room 1 - Heart Rate Sensor D - RAM usage is 96%
2025-05-15 05:11:39 - ALERT - Room 1 - ECG Monitor B - RAM usage is 82%
2025-05-15 05:11:41 - ALERT - Room 1 - Infusion Pump A - RAM usage is 86%
2025-05-15 05:11:41 - ALERT - Room 1 - ECG Monitor B - RAM usage is 96%
2025-05-15 05:11:43 - ALERT - Room 1 - ECG Monitor B - CPU usage is 88%
2025-05-15 05:11:43 - ALERT - Room 1 - Ventilator C - CPU usage is 82%
2025-05-15 05:11:43 - ALERT - Room 1 - Heart Rate Sensor D - CPU usage is 93%
2025-05-15 05:11:45 - ALERT - Room 1 - Heart Rate Sensor D - CPU usage is 97%
2025-05-15 05:11:47 - ALERT - Room 1 - ECG Monitor B - CPU usage is 87%
2025-05-15 05:11:47 - ALERT - Room 1 - Ventilator C - CPU usage is 84%
2025-05-15 05:11:47 - ALERT - Room 1 - Heart Rate Sensor D - CPU usage is 94%
2025-05-15 05:11:47 - ALERT - Room 1 - Heart Rate Sensor D - RAM usage is 93%
2025-05-15 05:11:49 - ALERT - Room 1 - ECG Monitor B - CPU usage is 94%
2025-05-15 05:11:49 - ALERT - Room 1 - Heart Rate Sensor D - RAM usage is 99%
2025-05-15 05:11:51 - ALERT - Room 1 - Ventilator C - CPU usage is 96%
2025-05-15 05:11:51 - ALERT - Room 1 - Heart Rate Sensor D - RAM usage is 81%
2025-05-15 05:11:53 - ALERT - Room 1 - Infusion Pump A - RAM usage is 94%
2025-05-15 05:11:55 - ALERT - Room 1 - Infusion Pump A - CPU usage is 93%
2025-05-15 05:11:55 - ALERT - Room 1 - ECG Monitor B - CPU usage is 100%
2025-05-15 05:11:55 - ALERT - Room 1 - ECG Monitor B - RAM usage is 80%
2025-05-15 05:11:55 - ALERT - Room 1 - Heart Rate Sensor D - CPU usage is 91%
2025-05-15 05:11:57 - ALERT - Room 1 - Infusion Pump A - RAM usage is 93%
2025-05-15 05:11:57 - ALERT - Room 1 - Ventilator C - RAM usage is 83%
2025-05-15 05:11:59 - ALERT - Room 1 - Heart Rate Sensor D - RAM usage is 82%
2025-05-15 05:12:01 - ALERT - Room 1 - Infusion Pump A - CPU usage is 92%
2025-05-15 05:12:01 - ALERT - Room 1 - Heart Rate Sensor D - CPU usage is 90%
2025-05-15 05:12:03 - ALERT - Room 1 - Heart Rate Sensor D - CPU usage is 100%
2025-05-15 05:12:03 - ALERT - Room 1 - Heart Rate Sensor D - RAM usage is 83%
2025-05-15 05:12:05 - ALERT - Room 1 - Infusion Pump A - CPU usage is 93%
2025-05-15 05:12:05 - ALERT - Room 1 - Infusion Pump A - RAM usage is 89%
2025-05-15 05:12:05 - ALERT - Room 1 - ECG Monitor B - RAM usage is 81%
2025-05-15 05:12:05 - ALERT - Room 1 - Ventilator C - CPU usage is 87%
2025-05-15 05:12:05 - ALERT - Room 1 - Heart Rate Sensor D - RAM usage is 92%
2025-05-15 05:12:09 - ALERT - Room 1 - ECG Monitor B - CPU usage is 85%
2025-05-15 05:12:09 - ALERT - Room 1 - Ventilator C - CPU usage is 82%
2025-05-15 05:12:09 - ALERT - Room 1 - Ventilator C - RAM usage is 88%
2025-05-15 05:12:11 - ALERT - Room 1 - Infusion Pump A - RAM usage is 91%
2025-05-15 05:12:11 - ALERT - Room 1 - ECG Monitor B - CPU usage is 99%
2025-05-15 05:12:11 - ALERT - Room 1 - ECG Monitor B - RAM usage is 91%
2025-05-15 05:12:11 - ALERT - Room 1 - Ventilator C - CPU usage is 81%
2025-05-15 05:12:13 - ALERT - Room 1 - Heart Rate Sensor D - CPU usage is 96%
2025-05-15 05:12:15 - ALERT - Room 1 - ECG Monitor B - CPU usage is 88%
2025-05-15 05:12:15 - ALERT - Room 1 - Heart Rate Sensor D - CPU usage is 87%
2025-05-15 05:12:17 - ALERT - Room 1 - Infusion Pump A - CPU usage is 85%
2025-05-15 05:12:17 - ALERT - Room 1 - Heart Rate Sensor D - RAM usage is 95%
2025-05-15 05:12:19 - ALERT - Room 1 - Infusion Pump A - RAM usage is 82%
2025-05-15 05:12:19 - ALERT - Room 1 - Ventilator C - RAM usage is 87%
2025-05-15 05:12:19 - ALERT - Room 1 - Heart Rate Sensor D - RAM usage is 80%
2025-05-15 05:12:21 - ALERT - Room 1 - Infusion Pump A - RAM usage is 83%
2025-05-15 05:12:21 - ALERT - Room 1 - Heart Rate Sensor D - CPU usage is 82%
2025-05-15 05:12:21 - ALERT - Room 1 - Heart Rate Sensor D - RAM usage is 84%
2025-05-15 05:12:23 - ALERT - Room 1 - Infusion Pump A - RAM usage is 96%
2025-05-15 05:12:23 - ALERT - Room 1 - ECG Monitor B - CPU usage is 93%
2025-05-15 05:12:23 - ALERT - Room 1 - ECG Monitor B - RAM usage is 80%
2025-05-15 05:12:23 - ALERT - Room 1 - Ventilator C - CPU usage is 83%
2025-05-15 05:12:23 - ALERT - Room 1 - Heart Rate Sensor D - CPU usage is 93%
2025-05-15 05:12:25 - ALERT - Room 1 - ECG Monitor B - CPU usage is 88%
2025-05-15 05:12:27 - ALERT - Room 1 - Ventilator C - CPU usage is 87%
2025-05-15 05:12:27 - ALERT - Room 1 - Ventilator C - RAM usage is 93%
2025-05-15 05:12:29 - ALERT - Room 1 - Heart Rate Sensor D - RAM usage is 93%
2025-05-15 05:12:31 - ALERT - Room 1 - Infusion Pump A - CPU usage is 91%
2025-05-15 05:12:31 - ALERT - Room 1 - Infusion Pump A - RAM usage is 96%
2025-05-15 05:12:31 - ALERT - Room 1 - Heart Rate Sensor D - RAM usage is 100%
2025-05-15 05:12:35 - ALERT - Room 1 - ECG Monitor B - CPU usage is 99%
2025-05-15 05:12:35 - ALERT - Room 1 - Heart Rate Sensor D - CPU usage is 89%
2025-05-15 05:12:37 - ALERT - Room 1 - ECG Monitor B - CPU usage is 86%
2025-05-15 05:12:37 - ALERT - Room 1 - ECG Monitor B - RAM usage is 80%
2025-05-15 05:12:37 - ALERT - Room 1 - Ventilator C - RAM usage is 80%
2025-05-15 05:12:39 - ALERT - Room 1 - Infusion Pump A - CPU usage is 84%
2025-05-15 05:12:39 - ALERT - Room 1 - Infusion Pump A - RAM usage is 80%
2025-05-15 05:12:41 - ALERT - Room 1 - ECG Monitor B - CPU usage is 80%
2025-05-15 05:12:43 - ALERT - Room 1 - Infusion Pump A - RAM usage is 95%
2025-05-15 05:12:43 - ALERT - Room 1 - ECG Monitor B - CPU usage is 100%
2025-05-15 05:12:43 - ALERT - Room 1 - Ventilator C - RAM usage is 85%
2025-05-15 05:12:45 - ALERT - Room 1 - Infusion Pump A - CPU usage is 81%
2025-05-15 05:12:45 - ALERT - Room 1 - ECG Monitor B - CPU usage is 85%
2025-05-15 05:12:45 - ALERT - Room 1 - Ventilator C - CPU usage is 97%
2025-05-15 05:12:45 - ALERT - Room 1 - Heart Rate Sensor D - CPU usage is 97%
2025-05-15 05:12:45 - ALERT - Room 1 - Heart Rate Sensor D - RAM usage is 92%
2025-05-15 05:12:47 - ALERT - Room 1 - Infusion Pump A - RAM usage is 83%
2025-05-15 05:12:49 - ALERT - Room 1 - ECG Monitor B - RAM usage is 81%
2025-05-15 05:12:49 - ALERT - Room 1 - Heart Rate Sensor D - CPU usage is 100%
2025-05-15 05:12:51 - ALERT - Room 1 - Infusion Pump A - RAM usage is 82%
2025-05-15 05:12:53 - ALERT - Room 1 - ECG Monitor B - CPU usage is 86%
2025-05-15 05:12:53 - ALERT - Room 1 - Heart Rate Sensor D - CPU usage is 90%
2025-05-15 05:12:53 - ALERT - Room 1 - Heart Rate Sensor D - RAM usage is 95%
2025-05-15 05:12:56 - ALERT - Room 1 - Infusion Pump A - CPU usage is 89%
2025-05-15 05:12:56 - ALERT - Room 1 - Ventilator C - CPU usage is 86%
2025-05-15 05:12:58 - ALERT - Room 1 - Infusion Pump A - CPU usage is 83%
2025-05-15 05:12:58 - ALERT - Room 1 - Ventilator C - RAM usage is 94%
2025-05-15 05:13:00 - ALERT - Room 1 - Infusion Pump A - CPU usage is 86%
2025-05-15 05:13:00 - ALERT - Room 1 - Ventilator C - CPU usage is 87%
2025-05-15 05:13:00 - ALERT - Room 1 - Ventilator C - RAM usage is 92%
2025-05-15 05:13:02 - ALERT - Room 1 - ECG Monitor B - RAM usage is 93%
2025-05-15 05:13:02 - ALERT - Room 1 - Heart Rate Sensor D - RAM usage is 90%
2025-05-15 05:13:04 - ALERT - Room 1 - Infusion Pump A - RAM usage is 97%
2025-05-15 05:13:04 - ALERT - Room 1 - Ventilator C - CPU usage is 84%
2025-05-15 05:13:04 - ALERT - Room 1 - Heart Rate Sensor D - CPU usage is 89%
2025-05-15 05:13:06 - ALERT - Room 1 - ECG Monitor B - CPU usage is 98%
2025-05-15 05:13:06 - ALERT - Room 1 - ECG Monitor B - RAM usage is 81%
2025-05-15 05:13:06 - ALERT - Room 1 - Heart Rate Sensor D - RAM usage is 96%
